{"C:\\dev\\curso node tdd\\api\\src\\data\\usecases\\add-account\\db-add-account-protocols.ts": {"path":"C:\\dev\\curso node tdd\\api\\src\\data\\usecases\\add-account\\db-add-account-protocols.ts","statementMap":{"0":{"start":{"line":1,"column":0},"end":{"line":1,"column":47}},"1":{"start":{"line":2,"column":0},"end":{"line":2,"column":54}},"2":{"start":{"line":3,"column":0},"end":{"line":3,"column":42}},"3":{"start":{"line":5,"column":0},"end":{"line":5,"column":54}}},"fnMap":{},"branchMap":{},"s":{"0":0,"1":0,"2":0,"3":0},"f":{},"b":{}}
,"C:\\dev\\curso node tdd\\api\\src\\data\\usecases\\add-account\\db-add-account.ts": {"path":"C:\\dev\\curso node tdd\\api\\src\\data\\usecases\\add-account\\db-add-account.ts","statementMap":{"0":{"start":{"line":7,"column":8},"end":{"line":7,"column":null}},"1":{"start":{"line":8,"column":8},"end":{"line":8,"column":null}},"2":{"start":{"line":12,"column":31},"end":{"line":12,"column":81}},"3":{"start":{"line":13,"column":24},"end":{"line":13,"column":119}},"4":{"start":{"line":14,"column":8},"end":{"line":14,"column":null}},"5":{"start":{"line":14,"column":38},"end":{"line":14,"column":54}},"6":{"start":{"line":3,"column":0},"end":{"line":3,"column":13}}},"fnMap":{"0":{"name":"(anonymous_0)","decl":{"start":{"line":6,"column":4},"end":{"line":6,"column":17}},"loc":{"start":{"line":6,"column":81},"end":{"line":9,"column":5}}},"1":{"name":"(anonymous_1)","decl":{"start":{"line":11,"column":4},"end":{"line":11,"column":9}},"loc":{"start":{"line":11,"column":42},"end":{"line":15,"column":5}}},"2":{"name":"(anonymous_2)","decl":{"start":{"line":14,"column":27},"end":{"line":14,"column":34}},"loc":{"start":{"line":14,"column":38},"end":{"line":14,"column":54}}}},"branchMap":{},"s":{"0":9,"1":9,"2":6,"3":5,"4":4,"5":4,"6":5},"f":{"0":9,"1":6,"2":4},"b":{}}
,"C:\\dev\\curso node tdd\\api\\src\\infra\\criptography\\bcrypt-adapter.ts": {"path":"C:\\dev\\curso node tdd\\api\\src\\infra\\criptography\\bcrypt-adapter.ts","statementMap":{"0":{"start":{"line":1,"column":0},"end":{"line":1,"column":27}},"1":{"start":{"line":9,"column":8},"end":{"line":9,"column":null}},"2":{"start":{"line":12,"column":21},"end":{"line":12,"column":56}},"3":{"start":{"line":13,"column":8},"end":{"line":13,"column":20}},"4":{"start":{"line":5,"column":0},"end":{"line":5,"column":13}}},"fnMap":{"0":{"name":"(anonymous_1)","decl":{"start":{"line":8,"column":4},"end":{"line":8,"column":17}},"loc":{"start":{"line":8,"column":29},"end":{"line":10,"column":5}}},"1":{"name":"(anonymous_2)","decl":{"start":{"line":11,"column":4},"end":{"line":11,"column":9}},"loc":{"start":{"line":11,"column":31},"end":{"line":14,"column":5}}}},"branchMap":{},"s":{"0":5,"1":6,"2":3,"3":3,"4":5},"f":{"0":6,"1":3},"b":{}}
,"C:\\dev\\curso node tdd\\api\\src\\infra\\db\\mongodb\\account-repository\\account.ts": {"path":"C:\\dev\\curso node tdd\\api\\src\\infra\\db\\mongodb\\account-repository\\account.ts","statementMap":{"0":{"start":{"line":4,"column":0},"end":{"line":4,"column":54}},"1":{"start":{"line":10,"column":34},"end":{"line":10,"column":null}},"2":{"start":{"line":12,"column":23},"end":{"line":12,"column":69}},"3":{"start":{"line":14,"column":24},"end":{"line":14,"column":37}},"4":{"start":{"line":15,"column":8},"end":{"line":15,"column":40}},"5":{"start":{"line":7,"column":0},"end":{"line":7,"column":13}}},"fnMap":{"0":{"name":"(anonymous_0)","decl":{"start":{"line":8,"column":4},"end":{"line":8,"column":9}},"loc":{"start":{"line":8,"column":42},"end":{"line":16,"column":5}}}},"branchMap":{},"s":{"0":5,"1":2,"2":2,"3":2,"4":2,"5":5},"f":{"0":2},"b":{}}
,"C:\\dev\\curso node tdd\\api\\src\\infra\\db\\mongodb\\helpers\\mongo-helper.ts": {"path":"C:\\dev\\curso node tdd\\api\\src\\infra\\db\\mongodb\\helpers\\mongo-helper.ts","statementMap":{"0":{"start":{"line":1,"column":0},"end":{"line":1,"column":49}},"1":{"start":{"line":3,"column":13},"end":{"line":24,"column":null}},"2":{"start":{"line":7,"column":8},"end":{"line":10,"column":null}},"3":{"start":{"line":14,"column":8},"end":{"line":14,"column":null}},"4":{"start":{"line":18,"column":8},"end":{"line":18,"column":null}},"5":{"start":{"line":21,"column":48},"end":{"line":21,"column":58}},"6":{"start":{"line":22,"column":8},"end":{"line":22,"column":null}}},"fnMap":{"0":{"name":"(anonymous_0)","decl":{"start":{"line":6,"column":4},"end":{"line":6,"column":9}},"loc":{"start":{"line":6,"column":30},"end":{"line":11,"column":5}}},"1":{"name":"(anonymous_1)","decl":{"start":{"line":13,"column":4},"end":{"line":13,"column":9}},"loc":{"start":{"line":13,"column":20},"end":{"line":15,"column":5}}},"2":{"name":"(anonymous_2)","decl":{"start":{"line":17,"column":4},"end":{"line":17,"column":17}},"loc":{"start":{"line":17,"column":30},"end":{"line":19,"column":5}}},"3":{"name":"(anonymous_3)","decl":{"start":{"line":20,"column":9},"end":{"line":20,"column":10}},"loc":{"start":{"line":20,"column":34},"end":{"line":23,"column":5}}}},"branchMap":{},"s":{"0":5,"1":5,"2":2,"3":2,"4":4,"5":2,"6":2},"f":{"0":2,"1":2,"2":4,"3":2},"b":{}}
,"C:\\dev\\curso node tdd\\api\\src\\presentation\\controllers\\signup\\signup-protocols.ts": {"path":"C:\\dev\\curso node tdd\\api\\src\\presentation\\controllers\\signup\\signup-protocols.ts","statementMap":{"0":{"start":{"line":1,"column":0},"end":{"line":1,"column":31}},"1":{"start":{"line":2,"column":0},"end":{"line":2,"column":47}},"2":{"start":{"line":3,"column":0},"end":{"line":3,"column":53}},"3":{"start":{"line":4,"column":0},"end":{"line":4,"column":46}}},"fnMap":{},"branchMap":{},"s":{"0":0,"1":0,"2":0,"3":0},"f":{},"b":{}}
,"C:\\dev\\curso node tdd\\api\\src\\presentation\\controllers\\signup\\signup.ts": {"path":"C:\\dev\\curso node tdd\\api\\src\\presentation\\controllers\\signup\\signup.ts","statementMap":{"0":{"start":{"line":1,"column":0},"end":{"line":1,"column":67}},"1":{"start":{"line":2,"column":0},"end":{"line":2,"column":71}},"2":{"start":{"line":10,"column":8},"end":{"line":10,"column":null}},"3":{"start":{"line":11,"column":8},"end":{"line":11,"column":null}},"4":{"start":{"line":15,"column":8},"end":{"line":41,"column":null}},"5":{"start":{"line":16,"column":35},"end":{"line":16,"column":88}},"6":{"start":{"line":17,"column":12},"end":{"line":21,"column":null}},"7":{"start":{"line":18,"column":16},"end":{"line":20,"column":null}},"8":{"start":{"line":19,"column":20},"end":{"line":19,"column":null}},"9":{"start":{"line":22,"column":68},"end":{"line":22,"column":84}},"10":{"start":{"line":23,"column":12},"end":{"line":25,"column":null}},"11":{"start":{"line":24,"column":16},"end":{"line":24,"column":null}},"12":{"start":{"line":26,"column":28},"end":{"line":26,"column":62}},"13":{"start":{"line":27,"column":12},"end":{"line":29,"column":null}},"14":{"start":{"line":28,"column":16},"end":{"line":28,"column":null}},"15":{"start":{"line":31,"column":28},"end":{"line":35,"column":14}},"16":{"start":{"line":37,"column":12},"end":{"line":37,"column":null}},"17":{"start":{"line":40,"column":12},"end":{"line":40,"column":null}},"18":{"start":{"line":5,"column":0},"end":{"line":5,"column":13}}},"fnMap":{"0":{"name":"(anonymous_0)","decl":{"start":{"line":9,"column":4},"end":{"line":9,"column":16}},"loc":{"start":{"line":9,"column":70},"end":{"line":12,"column":5}}},"1":{"name":"(anonymous_1)","decl":{"start":{"line":14,"column":4},"end":{"line":14,"column":9}},"loc":{"start":{"line":14,"column":41},"end":{"line":42,"column":5}}}},"branchMap":{"0":{"loc":{"start":{"line":18,"column":16},"end":{"line":20,"column":null}},"type":"if","locations":[{"start":{"line":18,"column":16},"end":{"line":20,"column":null}},{"start":{"line":18,"column":16},"end":{"line":20,"column":null}}]},"1":{"loc":{"start":{"line":23,"column":12},"end":{"line":25,"column":null}},"type":"if","locations":[{"start":{"line":23,"column":12},"end":{"line":25,"column":null}},{"start":{"line":23,"column":12},"end":{"line":25,"column":null}}]},"2":{"loc":{"start":{"line":27,"column":12},"end":{"line":29,"column":null}},"type":"if","locations":[{"start":{"line":27,"column":12},"end":{"line":29,"column":null}},{"start":{"line":27,"column":12},"end":{"line":29,"column":null}}]}},"s":{"0":5,"1":5,"2":15,"3":15,"4":12,"5":12,"6":12,"7":42,"8":4,"9":8,"10":8,"11":1,"12":7,"13":6,"14":1,"15":5,"16":4,"17":2,"18":5},"f":{"0":15,"1":12},"b":{"0":[4,38],"1":[1,7],"2":[1,5]}}
,"C:\\dev\\curso node tdd\\api\\src\\presentation\\errors\\index.ts": {"path":"C:\\dev\\curso node tdd\\api\\src\\presentation\\errors\\index.ts","statementMap":{"0":{"start":{"line":1,"column":0},"end":{"line":1,"column":37}},"1":{"start":{"line":2,"column":0},"end":{"line":2,"column":37}},"2":{"start":{"line":3,"column":0},"end":{"line":3,"column":30}}},"fnMap":{},"branchMap":{},"s":{"0":5,"1":5,"2":5},"f":{},"b":{}}
,"C:\\dev\\curso node tdd\\api\\src\\presentation\\errors\\invalid-param-error.ts": {"path":"C:\\dev\\curso node tdd\\api\\src\\presentation\\errors\\invalid-param-error.ts","statementMap":{"0":{"start":{"line":3,"column":8},"end":{"line":3,"column":null}},"1":{"start":{"line":4,"column":8},"end":{"line":4,"column":null}},"2":{"start":{"line":1,"column":0},"end":{"line":1,"column":13}}},"fnMap":{"0":{"name":"(anonymous_0)","decl":{"start":{"line":2,"column":4},"end":{"line":2,"column":17}},"loc":{"start":{"line":2,"column":34},"end":{"line":5,"column":5}}}},"branchMap":{},"s":{"0":4,"1":4,"2":5},"f":{"0":4},"b":{}}
,"C:\\dev\\curso node tdd\\api\\src\\presentation\\errors\\missing-param-error.ts": {"path":"C:\\dev\\curso node tdd\\api\\src\\presentation\\errors\\missing-param-error.ts","statementMap":{"0":{"start":{"line":3,"column":8},"end":{"line":3,"column":null}},"1":{"start":{"line":4,"column":8},"end":{"line":4,"column":null}},"2":{"start":{"line":1,"column":0},"end":{"line":1,"column":13}}},"fnMap":{"0":{"name":"(anonymous_0)","decl":{"start":{"line":2,"column":4},"end":{"line":2,"column":17}},"loc":{"start":{"line":2,"column":34},"end":{"line":5,"column":5}}}},"branchMap":{},"s":{"0":8,"1":8,"2":5},"f":{"0":8},"b":{}}
,"C:\\dev\\curso node tdd\\api\\src\\presentation\\errors\\server-error.ts": {"path":"C:\\dev\\curso node tdd\\api\\src\\presentation\\errors\\server-error.ts","statementMap":{"0":{"start":{"line":3,"column":8},"end":{"line":3,"column":null}},"1":{"start":{"line":4,"column":8},"end":{"line":4,"column":null}},"2":{"start":{"line":1,"column":0},"end":{"line":1,"column":13}}},"fnMap":{"0":{"name":"(anonymous_0)","decl":{"start":{"line":2,"column":4},"end":{"line":2,"column":null}},"loc":{"start":{"line":2,"column":4},"end":{"line":5,"column":5}}}},"branchMap":{},"s":{"0":4,"1":4,"2":5},"f":{"0":4},"b":{}}
,"C:\\dev\\curso node tdd\\api\\src\\presentation\\helpers\\http-helper.ts": {"path":"C:\\dev\\curso node tdd\\api\\src\\presentation\\helpers\\http-helper.ts","statementMap":{"0":{"start":{"line":1,"column":0},"end":{"line":1,"column":39}},"1":{"start":{"line":4,"column":26},"end":{"line":7,"column":2}},"2":{"start":{"line":4,"column":59},"end":{"line":7,"column":2}},"3":{"start":{"line":4,"column":13},"end":{"line":4,"column":26}},"4":{"start":{"line":9,"column":27},"end":{"line":12,"column":2}},"5":{"start":{"line":9,"column":48},"end":{"line":12,"column":2}},"6":{"start":{"line":9,"column":13},"end":{"line":9,"column":27}},"7":{"start":{"line":14,"column":18},"end":{"line":17,"column":2}},"8":{"start":{"line":14,"column":48},"end":{"line":17,"column":2}},"9":{"start":{"line":14,"column":13},"end":{"line":14,"column":18}}},"fnMap":{"0":{"name":"(anonymous_0)","decl":{"start":{"line":4,"column":26},"end":{"line":4,"column":27}},"loc":{"start":{"line":4,"column":59},"end":{"line":7,"column":2}}},"1":{"name":"(anonymous_1)","decl":{"start":{"line":9,"column":27},"end":{"line":9,"column":44}},"loc":{"start":{"line":9,"column":48},"end":{"line":12,"column":2}}},"2":{"name":"(anonymous_2)","decl":{"start":{"line":14,"column":18},"end":{"line":14,"column":19}},"loc":{"start":{"line":14,"column":48},"end":{"line":17,"column":2}}}},"branchMap":{},"s":{"0":5,"1":5,"2":6,"3":5,"4":5,"5":2,"6":5,"7":5,"8":4,"9":5},"f":{"0":6,"1":2,"2":4},"b":{}}
,"C:\\dev\\curso node tdd\\api\\src\\presentation\\protocols\\index.ts": {"path":"C:\\dev\\curso node tdd\\api\\src\\presentation\\protocols\\index.ts","statementMap":{"0":{"start":{"line":1,"column":0},"end":{"line":1,"column":28}},"1":{"start":{"line":2,"column":0},"end":{"line":2,"column":22}}},"fnMap":{},"branchMap":{},"s":{"0":0,"1":0},"f":{},"b":{}}
,"C:\\dev\\curso node tdd\\api\\src\\utils\\email-validator-adapter.ts": {"path":"C:\\dev\\curso node tdd\\api\\src\\utils\\email-validator-adapter.ts","statementMap":{"0":{"start":{"line":1,"column":0},"end":{"line":1,"column":34}},"1":{"start":{"line":7,"column":8},"end":{"line":7,"column":40}},"2":{"start":{"line":5,"column":0},"end":{"line":5,"column":13}}},"fnMap":{"0":{"name":"(anonymous_1)","decl":{"start":{"line":6,"column":4},"end":{"line":6,"column":11}},"loc":{"start":{"line":6,"column":25},"end":{"line":8,"column":5}}}},"branchMap":{},"s":{"0":5,"1":4,"2":5},"f":{"0":4},"b":{}}
}
