{"C:\\dev\\curso node tdd\\api\\src\\data\\usecases\\add-account\\db-add-account-protocols.ts": {"path":"C:\\dev\\curso node tdd\\api\\src\\data\\usecases\\add-account\\db-add-account-protocols.ts","statementMap":{"0":{"start":{"line":1,"column":0},"end":{"line":1,"column":47}},"1":{"start":{"line":2,"column":0},"end":{"line":2,"column":54}},"2":{"start":{"line":3,"column":0},"end":{"line":3,"column":42}},"3":{"start":{"line":5,"column":0},"end":{"line":5,"column":54}}},"fnMap":{},"branchMap":{},"s":{"0":0,"1":0,"2":0,"3":0},"f":{},"b":{}}
,"C:\\dev\\curso node tdd\\api\\src\\data\\usecases\\add-account\\db-add-account.ts": {"path":"C:\\dev\\curso node tdd\\api\\src\\data\\usecases\\add-account\\db-add-account.ts","statementMap":{"0":{"start":{"line":7,"column":8},"end":{"line":7,"column":null}},"1":{"start":{"line":8,"column":8},"end":{"line":8,"column":null}},"2":{"start":{"line":12,"column":31},"end":{"line":12,"column":81}},"3":{"start":{"line":13,"column":24},"end":{"line":13,"column":119}},"4":{"start":{"line":14,"column":8},"end":{"line":14,"column":null}},"5":{"start":{"line":14,"column":38},"end":{"line":14,"column":54}},"6":{"start":{"line":3,"column":0},"end":{"line":3,"column":13}}},"fnMap":{"0":{"name":"(anonymous_0)","decl":{"start":{"line":6,"column":4},"end":{"line":6,"column":17}},"loc":{"start":{"line":6,"column":81},"end":{"line":9,"column":5}}},"1":{"name":"(anonymous_1)","decl":{"start":{"line":11,"column":4},"end":{"line":11,"column":9}},"loc":{"start":{"line":11,"column":42},"end":{"line":15,"column":5}}},"2":{"name":"(anonymous_2)","decl":{"start":{"line":14,"column":27},"end":{"line":14,"column":34}},"loc":{"start":{"line":14,"column":38},"end":{"line":14,"column":54}}}},"branchMap":{},"s":{"0":9,"1":9,"2":6,"3":5,"4":4,"5":4,"6":5},"f":{"0":9,"1":6,"2":4},"b":{}}
,"C:\\dev\\curso node tdd\\api\\src\\infra\\criptography\\bcrypt-adapter.ts": {"path":"C:\\dev\\curso node tdd\\api\\src\\infra\\criptography\\bcrypt-adapter.ts","statementMap":{"0":{"start":{"line":1,"column":0},"end":{"line":1,"column":27}},"1":{"start":{"line":9,"column":8},"end":{"line":9,"column":null}},"2":{"start":{"line":12,"column":21},"end":{"line":12,"column":56}},"3":{"start":{"line":13,"column":8},"end":{"line":13,"column":20}},"4":{"start":{"line":5,"column":0},"end":{"line":5,"column":13}}},"fnMap":{"0":{"name":"(anonymous_1)","decl":{"start":{"line":8,"column":4},"end":{"line":8,"column":17}},"loc":{"start":{"line":8,"column":29},"end":{"line":10,"column":5}}},"1":{"name":"(anonymous_2)","decl":{"start":{"line":11,"column":4},"end":{"line":11,"column":9}},"loc":{"start":{"line":11,"column":31},"end":{"line":14,"column":5}}}},"branchMap":{},"s":{"0":5,"1":6,"2":3,"3":3,"4":5},"f":{"0":6,"1":3},"b":{}}
,"C:\\dev\\curso node tdd\\api\\src\\infra\\db\\mongodb\\account-repository\\account.ts": {"path":"C:\\dev\\curso node tdd\\api\\src\\infra\\db\\mongodb\\account-repository\\account.ts","statementMap":{"0":{"start":{"line":4,"column":0},"end":{"line":4,"column":54}},"1":{"start":{"line":10,"column":34},"end":{"line":10,"column":null}},"2":{"start":{"line":12,"column":23},"end":{"line":12,"column":69}},"3":{"start":{"line":14,"column":24},"end":{"line":14,"column":37}},"4":{"start":{"line":15,"column":8},"end":{"line":15,"column":40}},"5":{"start":{"line":7,"column":0},"end":{"line":7,"column":13}}},"fnMap":{"0":{"name":"(anonymous_0)","decl":{"start":{"line":8,"column":4},"end":{"line":8,"column":9}},"loc":{"start":{"line":8,"column":42},"end":{"line":16,"column":5}}}},"branchMap":{},"s":{"0":5,"1":2,"2":2,"3":2,"4":2,"5":5},"f":{"0":2},"b":{}}
,"C:\\dev\\curso node tdd\\api\\src\\infra\\db\\mongodb\\helpers\\mongo-helper.ts": {"path":"C:\\dev\\curso node tdd\\api\\src\\infra\\db\\mongodb\\helpers\\mongo-helper.ts","statementMap":{"0":{"start":{"line":1,"column":0},"end":{"line":1,"column":49}},"1":{"start":{"line":3,"column":13},"end":{"line":29,"column":null}},"2":{"start":{"line":7,"column":8},"end":{"line":7,"column":null}},"3":{"start":{"line":8,"column":8},"end":{"line":11,"column":null}},"4":{"start":{"line":15,"column":8},"end":{"line":15,"column":null}},"5":{"start":{"line":16,"column":8},"end":{"line":16,"column":null}},"6":{"start":{"line":20,"column":8},"end":{"line":22,"column":null}},"7":{"start":{"line":21,"column":12},"end":{"line":21,"column":null}},"8":{"start":{"line":23,"column":8},"end":{"line":23,"column":null}},"9":{"start":{"line":26,"column":48},"end":{"line":26,"column":58}},"10":{"start":{"line":27,"column":8},"end":{"line":27,"column":null}}},"fnMap":{"0":{"name":"(anonymous_0)","decl":{"start":{"line":6,"column":4},"end":{"line":6,"column":9}},"loc":{"start":{"line":6,"column":30},"end":{"line":12,"column":5}}},"1":{"name":"(anonymous_1)","decl":{"start":{"line":14,"column":4},"end":{"line":14,"column":9}},"loc":{"start":{"line":14,"column":20},"end":{"line":17,"column":5}}},"2":{"name":"(anonymous_2)","decl":{"start":{"line":19,"column":4},"end":{"line":19,"column":9}},"loc":{"start":{"line":19,"column":36},"end":{"line":24,"column":5}}},"3":{"name":"(anonymous_3)","decl":{"start":{"line":25,"column":9},"end":{"line":25,"column":10}},"loc":{"start":{"line":25,"column":34},"end":{"line":28,"column":5}}}},"branchMap":{"0":{"loc":{"start":{"line":20,"column":8},"end":{"line":22,"column":null}},"type":"if","locations":[{"start":{"line":20,"column":8},"end":{"line":22,"column":null}},{"start":{"line":20,"column":8},"end":{"line":22,"column":null}}]},"1":{"loc":{"start":{"line":20,"column":23},"end":{"line":20,"column":25}},"type":"cond-expr","locations":[{"start":{"line":20,"column":23},"end":{"line":20,"column":25}},{"start":{"line":20,"column":23},"end":{"line":20,"column":38}}]},"2":{"loc":{"start":{"line":20,"column":12},"end":{"line":20,"column":25}},"type":"binary-expr","locations":[{"start":{"line":20,"column":12},"end":{"line":20,"column":25}},{"start":{"line":20,"column":23},"end":{"line":20,"column":25}}]}},"s":{"0":7,"1":7,"2":5,"3":5,"4":5,"5":4,"6":8,"7":1,"8":7,"9":2,"10":2},"f":{"0":5,"1":5,"2":8,"3":2},"b":{"0":[1,7],"1":[1,7],"2":[8,7]}}
,"C:\\dev\\curso node tdd\\api\\src\\infra\\db\\mongodb\\log-repository\\log.ts": {"path":"C:\\dev\\curso node tdd\\api\\src\\infra\\db\\mongodb\\log-repository\\log.ts","statementMap":{"0":{"start":{"line":2,"column":0},"end":{"line":2,"column":54}},"1":{"start":{"line":7,"column":32},"end":{"line":7,"column":73}},"2":{"start":{"line":8,"column":8},"end":{"line":11,"column":null}},"3":{"start":{"line":5,"column":0},"end":{"line":5,"column":13}}},"fnMap":{"0":{"name":"(anonymous_0)","decl":{"start":{"line":6,"column":4},"end":{"line":6,"column":9}},"loc":{"start":{"line":6,"column":32},"end":{"line":12,"column":5}}}},"branchMap":{},"s":{"0":5,"1":1,"2":1,"3":5},"f":{"0":1},"b":{}}
,"C:\\dev\\curso node tdd\\api\\src\\presentation\\controllers\\login\\login-protocols.ts": {"path":"C:\\dev\\curso node tdd\\api\\src\\presentation\\controllers\\login\\login-protocols.ts","statementMap":{"0":{"start":{"line":1,"column":0},"end":{"line":1,"column":31}},"1":{"start":{"line":2,"column":0},"end":{"line":2,"column":56}},"2":{"start":{"line":3,"column":0},"end":{"line":3,"column":51}}},"fnMap":{},"branchMap":{},"s":{"0":0,"1":0,"2":0},"f":{},"b":{}}
,"C:\\dev\\curso node tdd\\api\\src\\presentation\\controllers\\login\\login.ts": {"path":"C:\\dev\\curso node tdd\\api\\src\\presentation\\controllers\\login\\login.ts","statementMap":{"0":{"start":{"line":2,"column":0},"end":{"line":2,"column":86}},"1":{"start":{"line":10,"column":8},"end":{"line":10,"column":null}},"2":{"start":{"line":11,"column":8},"end":{"line":11,"column":null}},"3":{"start":{"line":14,"column":8},"end":{"line":29,"column":null}},"4":{"start":{"line":15,"column":26},"end":{"line":15,"column":68}},"5":{"start":{"line":16,"column":12},"end":{"line":18,"column":null}},"6":{"start":{"line":17,"column":16},"end":{"line":17,"column":null}},"7":{"start":{"line":19,"column":40},"end":{"line":19,"column":56}},"8":{"start":{"line":20,"column":32},"end":{"line":20,"column":79}},"9":{"start":{"line":21,"column":12},"end":{"line":23,"column":null}},"10":{"start":{"line":22,"column":16},"end":{"line":22,"column":null}},"11":{"start":{"line":24,"column":12},"end":{"line":26,"column":null}},"12":{"start":{"line":28,"column":12},"end":{"line":28,"column":null}},"13":{"start":{"line":5,"column":0},"end":{"line":5,"column":13}}},"fnMap":{"0":{"name":"(anonymous_0)","decl":{"start":{"line":9,"column":4},"end":{"line":9,"column":16}},"loc":{"start":{"line":9,"column":70},"end":{"line":12,"column":5}}},"1":{"name":"(anonymous_1)","decl":{"start":{"line":13,"column":4},"end":{"line":13,"column":9}},"loc":{"start":{"line":13,"column":41},"end":{"line":30,"column":5}}}},"branchMap":{"0":{"loc":{"start":{"line":16,"column":12},"end":{"line":18,"column":null}},"type":"if","locations":[{"start":{"line":16,"column":12},"end":{"line":18,"column":null}},{"start":{"line":16,"column":12},"end":{"line":18,"column":null}}]},"1":{"loc":{"start":{"line":21,"column":12},"end":{"line":23,"column":null}},"type":"if","locations":[{"start":{"line":21,"column":12},"end":{"line":23,"column":null}},{"start":{"line":21,"column":12},"end":{"line":23,"column":null}}]}},"s":{"0":1,"1":6,"2":6,"3":6,"4":6,"5":6,"6":1,"7":5,"8":5,"9":4,"10":1,"11":3,"12":1,"13":1},"f":{"0":6,"1":6},"b":{"0":[1,5],"1":[1,3]}}
,"C:\\dev\\curso node tdd\\api\\src\\presentation\\controllers\\signup\\signup-protocols.ts": {"path":"C:\\dev\\curso node tdd\\api\\src\\presentation\\controllers\\signup\\signup-protocols.ts","statementMap":{"0":{"start":{"line":1,"column":0},"end":{"line":1,"column":31}},"1":{"start":{"line":2,"column":0},"end":{"line":2,"column":53}},"2":{"start":{"line":3,"column":0},"end":{"line":3,"column":46}},"3":{"start":{"line":4,"column":0},"end":{"line":4,"column":51}}},"fnMap":{},"branchMap":{},"s":{"0":0,"1":0,"2":0,"3":0},"f":{},"b":{}}
,"C:\\dev\\curso node tdd\\api\\src\\presentation\\controllers\\signup\\signup.ts": {"path":"C:\\dev\\curso node tdd\\api\\src\\presentation\\controllers\\signup\\signup.ts","statementMap":{"0":{"start":{"line":2,"column":0},"end":{"line":2,"column":71}},"1":{"start":{"line":12,"column":8},"end":{"line":12,"column":null}},"2":{"start":{"line":13,"column":8},"end":{"line":13,"column":null}},"3":{"start":{"line":17,"column":8},"end":{"line":31,"column":null}},"4":{"start":{"line":18,"column":26},"end":{"line":18,"column":68}},"5":{"start":{"line":19,"column":12},"end":{"line":21,"column":null}},"6":{"start":{"line":20,"column":16},"end":{"line":20,"column":null}},"7":{"start":{"line":22,"column":46},"end":{"line":22,"column":62}},"8":{"start":{"line":23,"column":28},"end":{"line":27,"column":14}},"9":{"start":{"line":28,"column":12},"end":{"line":28,"column":null}},"10":{"start":{"line":30,"column":12},"end":{"line":30,"column":null}},"11":{"start":{"line":6,"column":0},"end":{"line":6,"column":13}}},"fnMap":{"0":{"name":"(anonymous_0)","decl":{"start":{"line":11,"column":4},"end":{"line":11,"column":16}},"loc":{"start":{"line":11,"column":62},"end":{"line":14,"column":5}}},"1":{"name":"(anonymous_1)","decl":{"start":{"line":16,"column":4},"end":{"line":16,"column":9}},"loc":{"start":{"line":16,"column":41},"end":{"line":32,"column":5}}}},"branchMap":{"0":{"loc":{"start":{"line":19,"column":12},"end":{"line":21,"column":null}},"type":"if","locations":[{"start":{"line":19,"column":12},"end":{"line":21,"column":null}},{"start":{"line":19,"column":12},"end":{"line":21,"column":null}}]}},"s":{"0":5,"1":9,"2":9,"3":6,"4":6,"5":6,"6":1,"7":5,"8":5,"9":4,"10":1,"11":5},"f":{"0":9,"1":6},"b":{"0":[1,5]}}
,"C:\\dev\\curso node tdd\\api\\src\\presentation\\errors\\index.ts": {"path":"C:\\dev\\curso node tdd\\api\\src\\presentation\\errors\\index.ts","statementMap":{"0":{"start":{"line":1,"column":0},"end":{"line":1,"column":37}},"1":{"start":{"line":2,"column":0},"end":{"line":2,"column":37}},"2":{"start":{"line":3,"column":0},"end":{"line":3,"column":30}},"3":{"start":{"line":4,"column":0},"end":{"line":4,"column":36}}},"fnMap":{},"branchMap":{},"s":{"0":13,"1":13,"2":13,"3":13},"f":{},"b":{}}
,"C:\\dev\\curso node tdd\\api\\src\\presentation\\errors\\invalid-param-error.ts": {"path":"C:\\dev\\curso node tdd\\api\\src\\presentation\\errors\\invalid-param-error.ts","statementMap":{"0":{"start":{"line":3,"column":8},"end":{"line":3,"column":null}},"1":{"start":{"line":4,"column":8},"end":{"line":4,"column":null}},"2":{"start":{"line":1,"column":0},"end":{"line":1,"column":13}}},"fnMap":{"0":{"name":"(anonymous_0)","decl":{"start":{"line":2,"column":4},"end":{"line":2,"column":17}},"loc":{"start":{"line":2,"column":34},"end":{"line":5,"column":5}}}},"branchMap":{},"s":{"0":2,"1":2,"2":13},"f":{"0":2},"b":{}}
,"C:\\dev\\curso node tdd\\api\\src\\presentation\\errors\\missing-param-error.ts": {"path":"C:\\dev\\curso node tdd\\api\\src\\presentation\\errors\\missing-param-error.ts","statementMap":{"0":{"start":{"line":3,"column":8},"end":{"line":3,"column":null}},"1":{"start":{"line":4,"column":8},"end":{"line":4,"column":null}},"2":{"start":{"line":1,"column":0},"end":{"line":1,"column":13}}},"fnMap":{"0":{"name":"(anonymous_0)","decl":{"start":{"line":2,"column":4},"end":{"line":2,"column":17}},"loc":{"start":{"line":2,"column":34},"end":{"line":5,"column":5}}}},"branchMap":{},"s":{"0":9,"1":9,"2":13},"f":{"0":9},"b":{}}
,"C:\\dev\\curso node tdd\\api\\src\\presentation\\errors\\server-error.ts": {"path":"C:\\dev\\curso node tdd\\api\\src\\presentation\\errors\\server-error.ts","statementMap":{"0":{"start":{"line":3,"column":8},"end":{"line":3,"column":null}},"1":{"start":{"line":4,"column":8},"end":{"line":4,"column":null}},"2":{"start":{"line":5,"column":8},"end":{"line":5,"column":null}},"3":{"start":{"line":1,"column":0},"end":{"line":1,"column":13}}},"fnMap":{"0":{"name":"(anonymous_0)","decl":{"start":{"line":2,"column":4},"end":{"line":2,"column":17}},"loc":{"start":{"line":2,"column":30},"end":{"line":6,"column":5}}}},"branchMap":{},"s":{"0":6,"1":6,"2":6,"3":13},"f":{"0":6},"b":{}}
,"C:\\dev\\curso node tdd\\api\\src\\presentation\\errors\\unauthorized-error.ts": {"path":"C:\\dev\\curso node tdd\\api\\src\\presentation\\errors\\unauthorized-error.ts","statementMap":{"0":{"start":{"line":3,"column":8},"end":{"line":3,"column":null}},"1":{"start":{"line":4,"column":8},"end":{"line":4,"column":null}},"2":{"start":{"line":1,"column":0},"end":{"line":1,"column":13}}},"fnMap":{"0":{"name":"(anonymous_0)","decl":{"start":{"line":2,"column":4},"end":{"line":2,"column":null}},"loc":{"start":{"line":2,"column":4},"end":{"line":5,"column":5}}}},"branchMap":{},"s":{"0":2,"1":2,"2":13},"f":{"0":2},"b":{}}
,"C:\\dev\\curso node tdd\\api\\src\\presentation\\helpers\\http-helper.ts": {"path":"C:\\dev\\curso node tdd\\api\\src\\presentation\\helpers\\http-helper.ts","statementMap":{"0":{"start":{"line":1,"column":0},"end":{"line":1,"column":58}},"1":{"start":{"line":4,"column":26},"end":{"line":7,"column":2}},"2":{"start":{"line":4,"column":59},"end":{"line":7,"column":2}},"3":{"start":{"line":4,"column":13},"end":{"line":4,"column":26}},"4":{"start":{"line":10,"column":28},"end":{"line":13,"column":2}},"5":{"start":{"line":10,"column":49},"end":{"line":13,"column":2}},"6":{"start":{"line":10,"column":13},"end":{"line":10,"column":28}},"7":{"start":{"line":15,"column":27},"end":{"line":18,"column":2}},"8":{"start":{"line":15,"column":60},"end":{"line":18,"column":2}},"9":{"start":{"line":15,"column":13},"end":{"line":15,"column":27}},"10":{"start":{"line":20,"column":18},"end":{"line":23,"column":2}},"11":{"start":{"line":20,"column":48},"end":{"line":23,"column":2}},"12":{"start":{"line":20,"column":13},"end":{"line":20,"column":18}}},"fnMap":{"0":{"name":"(anonymous_0)","decl":{"start":{"line":4,"column":26},"end":{"line":4,"column":27}},"loc":{"start":{"line":4,"column":59},"end":{"line":7,"column":2}}},"1":{"name":"(anonymous_1)","decl":{"start":{"line":10,"column":28},"end":{"line":10,"column":45}},"loc":{"start":{"line":10,"column":49},"end":{"line":13,"column":2}}},"2":{"name":"(anonymous_2)","decl":{"start":{"line":15,"column":27},"end":{"line":15,"column":28}},"loc":{"start":{"line":15,"column":60},"end":{"line":18,"column":2}}},"3":{"name":"(anonymous_3)","decl":{"start":{"line":20,"column":18},"end":{"line":20,"column":19}},"loc":{"start":{"line":20,"column":48},"end":{"line":23,"column":2}}}},"branchMap":{"0":{"loc":{"start":{"line":17,"column":31},"end":{"line":17,"column":33}},"type":"cond-expr","locations":[{"start":{"line":17,"column":31},"end":{"line":17,"column":33}},{"start":{"line":17,"column":26},"end":{"line":17,"column":38}}]},"1":{"loc":{"start":{"line":17,"column":26},"end":{"line":17,"column":33}},"type":"binary-expr","locations":[{"start":{"line":17,"column":26},"end":{"line":17,"column":33}},{"start":{"line":17,"column":26},"end":{"line":17,"column":33}}]}},"s":{"0":7,"1":7,"2":4,"3":7,"4":7,"5":2,"6":7,"7":7,"8":5,"9":7,"10":7,"11":12,"12":7},"f":{"0":4,"1":2,"2":5,"3":12},"b":{"0":[0,5],"1":[5,5]}}
,"C:\\dev\\curso node tdd\\api\\src\\presentation\\helpers\\validators\\compare-fields-validation.ts": {"path":"C:\\dev\\curso node tdd\\api\\src\\presentation\\helpers\\validators\\compare-fields-validation.ts","statementMap":{"0":{"start":{"line":1,"column":0},"end":{"line":1,"column":68}},"1":{"start":{"line":8,"column":8},"end":{"line":8,"column":null}},"2":{"start":{"line":9,"column":8},"end":{"line":9,"column":null}},"3":{"start":{"line":13,"column":8},"end":{"line":16,"column":null}},"4":{"start":{"line":14,"column":12},"end":{"line":14,"column":null}},"5":{"start":{"line":15,"column":12},"end":{"line":15,"column":null}},"6":{"start":{"line":4,"column":0},"end":{"line":4,"column":13}}},"fnMap":{"0":{"name":"(anonymous_0)","decl":{"start":{"line":7,"column":4},"end":{"line":7,"column":16}},"loc":{"start":{"line":7,"column":59},"end":{"line":10,"column":5}}},"1":{"name":"(anonymous_1)","decl":{"start":{"line":12,"column":4},"end":{"line":12,"column":12}},"loc":{"start":{"line":12,"column":23},"end":{"line":17,"column":5}}}},"branchMap":{"0":{"loc":{"start":{"line":13,"column":8},"end":{"line":16,"column":null}},"type":"if","locations":[{"start":{"line":13,"column":8},"end":{"line":16,"column":null}},{"start":{"line":13,"column":8},"end":{"line":16,"column":null}}]}},"s":{"0":6,"1":8,"2":8,"3":3,"4":1,"5":1,"6":6},"f":{"0":8,"1":3},"b":{"0":[1,2]}}
,"C:\\dev\\curso node tdd\\api\\src\\presentation\\helpers\\validators\\email-validation.ts": {"path":"C:\\dev\\curso node tdd\\api\\src\\presentation\\helpers\\validators\\email-validation.ts","statementMap":{"0":{"start":{"line":2,"column":0},"end":{"line":2,"column":68}},"1":{"start":{"line":10,"column":8},"end":{"line":10,"column":null}},"2":{"start":{"line":11,"column":8},"end":{"line":11,"column":null}},"3":{"start":{"line":15,"column":24},"end":{"line":15,"column":74}},"4":{"start":{"line":16,"column":8},"end":{"line":18,"column":null}},"5":{"start":{"line":17,"column":12},"end":{"line":17,"column":null}},"6":{"start":{"line":6,"column":0},"end":{"line":6,"column":13}}},"fnMap":{"0":{"name":"(anonymous_0)","decl":{"start":{"line":9,"column":4},"end":{"line":9,"column":16}},"loc":{"start":{"line":9,"column":65},"end":{"line":12,"column":5}}},"1":{"name":"(anonymous_1)","decl":{"start":{"line":14,"column":4},"end":{"line":14,"column":12}},"loc":{"start":{"line":14,"column":23},"end":{"line":19,"column":5}}}},"branchMap":{"0":{"loc":{"start":{"line":16,"column":8},"end":{"line":18,"column":null}},"type":"if","locations":[{"start":{"line":16,"column":8},"end":{"line":18,"column":null}},{"start":{"line":16,"column":8},"end":{"line":18,"column":null}}]}},"s":{"0":7,"1":10,"2":10,"3":3,"4":2,"5":0,"6":7},"f":{"0":10,"1":3},"b":{"0":[0,2]}}
,"C:\\dev\\curso node tdd\\api\\src\\presentation\\helpers\\validators\\required-field-validation.ts": {"path":"C:\\dev\\curso node tdd\\api\\src\\presentation\\helpers\\validators\\required-field-validation.ts","statementMap":{"0":{"start":{"line":1,"column":0},"end":{"line":1,"column":49}},"1":{"start":{"line":7,"column":8},"end":{"line":7,"column":null}},"2":{"start":{"line":11,"column":8},"end":{"line":13,"column":null}},"3":{"start":{"line":12,"column":12},"end":{"line":12,"column":null}},"4":{"start":{"line":4,"column":0},"end":{"line":4,"column":13}}},"fnMap":{"0":{"name":"(anonymous_0)","decl":{"start":{"line":6,"column":4},"end":{"line":6,"column":16}},"loc":{"start":{"line":6,"column":33},"end":{"line":8,"column":5}}},"1":{"name":"(anonymous_1)","decl":{"start":{"line":10,"column":4},"end":{"line":10,"column":12}},"loc":{"start":{"line":10,"column":23},"end":{"line":14,"column":5}}}},"branchMap":{"0":{"loc":{"start":{"line":11,"column":8},"end":{"line":13,"column":null}},"type":"if","locations":[{"start":{"line":11,"column":8},"end":{"line":13,"column":null}},{"start":{"line":11,"column":8},"end":{"line":13,"column":null}}]}},"s":{"0":7,"1":30,"2":6,"3":1,"4":7},"f":{"0":30,"1":6},"b":{"0":[1,5]}}
,"C:\\dev\\curso node tdd\\api\\src\\presentation\\helpers\\validators\\validation-composite.ts": {"path":"C:\\dev\\curso node tdd\\api\\src\\presentation\\helpers\\validators\\validation-composite.ts","statementMap":{"0":{"start":{"line":6,"column":8},"end":{"line":6,"column":null}},"1":{"start":{"line":10,"column":8},"end":{"line":15,"column":null}},"2":{"start":{"line":11,"column":26},"end":{"line":11,"column":52}},"3":{"start":{"line":12,"column":12},"end":{"line":14,"column":null}},"4":{"start":{"line":13,"column":16},"end":{"line":13,"column":null}},"5":{"start":{"line":3,"column":0},"end":{"line":3,"column":13}}},"fnMap":{"0":{"name":"(anonymous_0)","decl":{"start":{"line":5,"column":4},"end":{"line":5,"column":16}},"loc":{"start":{"line":5,"column":41},"end":{"line":7,"column":5}}},"1":{"name":"(anonymous_1)","decl":{"start":{"line":9,"column":4},"end":{"line":9,"column":12}},"loc":{"start":{"line":9,"column":23},"end":{"line":16,"column":5}}}},"branchMap":{"0":{"loc":{"start":{"line":12,"column":12},"end":{"line":14,"column":null}},"type":"if","locations":[{"start":{"line":12,"column":12},"end":{"line":14,"column":null}},{"start":{"line":12,"column":12},"end":{"line":14,"column":null}}]}},"s":{"0":7,"1":4,"2":10,"3":10,"4":2,"5":7},"f":{"0":7,"1":4},"b":{"0":[2,8]}}
,"C:\\dev\\curso node tdd\\api\\src\\presentation\\protocols\\index.ts": {"path":"C:\\dev\\curso node tdd\\api\\src\\presentation\\protocols\\index.ts","statementMap":{"0":{"start":{"line":1,"column":0},"end":{"line":1,"column":28}},"1":{"start":{"line":2,"column":0},"end":{"line":2,"column":22}}},"fnMap":{},"branchMap":{},"s":{"0":0,"1":0},"f":{},"b":{}}
,"C:\\dev\\curso node tdd\\api\\src\\utils\\email-validator-adapter.ts": {"path":"C:\\dev\\curso node tdd\\api\\src\\utils\\email-validator-adapter.ts","statementMap":{"0":{"start":{"line":1,"column":0},"end":{"line":1,"column":34}},"1":{"start":{"line":7,"column":8},"end":{"line":7,"column":40}},"2":{"start":{"line":5,"column":0},"end":{"line":5,"column":13}}},"fnMap":{"0":{"name":"(anonymous_1)","decl":{"start":{"line":6,"column":4},"end":{"line":6,"column":11}},"loc":{"start":{"line":6,"column":25},"end":{"line":8,"column":5}}}},"branchMap":{},"s":{"0":7,"1":4,"2":7},"f":{"0":4},"b":{}}
}
